mammal,human,hg19,ccdsGene,/scratch/data/ucsc/mammal/human/hg19_ccdsGene_11-2014
mammal,human,hg19,ensGene,/scratch/data/ucsc/mammal/human/hg19_ensGene_11-2014
mammal,human,hg19,knownGene,/scratch/data/ucsc/mammal/human/hg19_knownGene_11-2014
mammal,human,hg19,mgcGenes,/scratch/data/ucsc/mammal/human/hg19_mgcGenes_11-2014
mammal,human,hg19,nscanGene,/scratch/data/ucsc/mammal/human/hg19_nscanGene_11-2014
mammal,human,hg19,orfeomeGenes,/scratch/data/ucsc/mammal/human/hg19_orfeomeGenes_11-2014
mammal,human,hg19,refGene,/scratch/data/ucsc/mammal/human/hg19_refGene_11-2014
mammal,human,hg19,xenoRefGene,/scratch/data/ucsc/mammal/human/hg19_xenoRefGene_11-2014
mammal,human,hg19,vegaGene,/scratch/data/ucsc/mammal/human/hg19_vegaGene_11-2014
mammal,human,hg19,sgpGene,/scratch/data/ucsc/mammal/human/hg19_sgpGene_11-2014
mammal,human,hg19,chromInfo,/scratch/data/ucsc/mammal/human/hg19_chromInfo_11-2014
mammal,human,hg19,all_est,/scratch/data/ucsc/mammal/human/hg19_all_est_11-2014
mammal,human,hg19,estOrientInfo,/scratch/data/ucsc/mammal/human/hg19_estOrientInfo_11-2014
mammal,human,hg19,all_mrna,/scratch/data/ucsc/mammal/human/hg19_all_mrna_11-2014
mammal,human,hg18,ccdsGene,/scratch/data/ucsc/mammal/human/hg18_ccdsGene_11-2014
mammal,human,hg18,ensGene,/scratch/data/ucsc/mammal/human/hg18_ensGene_11-2014
mammal,human,hg18,knownGene,/scratch/data/ucsc/mammal/human/hg18_knownGene_11-2014
mammal,human,hg18,mgcGenes,/scratch/data/ucsc/mammal/human/hg18_mgcGenes_11-2014
mammal,human,hg18,nscanGene,/scratch/data/ucsc/mammal/human/hg18_nscanGene_11-2014
mammal,human,hg18,orfeomeGenes,/scratch/data/ucsc/mammal/human/hg18_orfeomeGenes_11-2014
mammal,human,hg18,refGene,/scratch/data/ucsc/mammal/human/hg18_refGene_11-2014
mammal,human,hg18,xenoRefGene,/scratch/data/ucsc/mammal/human/hg18_xenoRefGene_11-2014
mammal,human,hg18,vegaGene,/scratch/data/ucsc/mammal/human/hg18_vegaGene_11-2014
mammal,human,hg18,sgpGene,/scratch/data/ucsc/mammal/human/hg18_sgpGene_11-2014
mammal,human,hg18,contrastGene,/scratch/data/ucsc/mammal/human/hg18_contrastGene_11-2014
mammal,human,hg18,chromInfo,/scratch/data/ucsc/mammal/human/hg18_chromInfo_11-2014
mammal,human,hg18,all_est,/scratch/data/ucsc/mammal/human/hg18_all_est_11-2014
mammal,human,hg18,estOrientInfo,/scratch/data/ucsc/mammal/human/hg18_estOrientInfo_11-2014
mammal,human,hg18,all_mrna,/scratch/data/ucsc/mammal/human/hg18_all_mrna_11-2014
mammal,mouse,mm10,ccdsGene,/scratch/data/ucsc/mammal/mouse/mm10_ccdsGene_11-2014
mammal,mouse,mm10,ensGene,/scratch/data/ucsc/mammal/mouse/mm10_ensGene_11-2014
mammal,mouse,mm10,knownGene,/scratch/data/ucsc/mammal/mouse/mm10_knownGene_11-2014
mammal,mouse,mm10,mgcGenes,/scratch/data/ucsc/mammal/mouse/mm10_mgcGenes_11-2014
mammal,mouse,mm10,orfeomeGenes,/scratch/data/ucsc/mammal/mouse/mm10_orfeomeGenes_11-2014
mammal,mouse,mm10,refGene,/scratch/data/ucsc/mammal/mouse/mm10_refGene_11-2014
mammal,mouse,mm10,xenoRefGene,/scratch/data/ucsc/mammal/mouse/mm10_xenoRefGene_11-2014
mammal,mouse,mm10,chromInfo,/scratch/data/ucsc/mammal/mouse/mm10_chromInfo_11-2014
mammal,mouse,mm10,all_est,/scratch/data/ucsc/mammal/mouse/mm10_all_est_11-2014
mammal,mouse,mm10,estOrientInfo,/scratch/data/ucsc/mammal/mouse/mm10_estOrientInfo_11-2014
mammal,mouse,mm10,all_mrna,/scratch/data/ucsc/mammal/mouse/mm10_all_mrna_11-2014
mammal,mouse,mm9,ccdsGene,/scratch/data/ucsc/mammal/mouse/mm9_ccdsGene_11-2014
mammal,mouse,mm9,ensGene,/scratch/data/ucsc/mammal/mouse/mm9_ensGene_11-2014
mammal,mouse,mm9,knownGene,/scratch/data/ucsc/mammal/mouse/mm9_knownGene_11-2014
mammal,mouse,mm9,mgcGenes,/scratch/data/ucsc/mammal/mouse/mm9_mgcGenes_11-2014
mammal,mouse,mm9,nscanGene,/scratch/data/ucsc/mammal/mouse/mm9_nscanGene_11-2014
mammal,mouse,mm9,orfeomeGenes,/scratch/data/ucsc/mammal/mouse/mm9_orfeomeGenes_11-2014
mammal,mouse,mm9,refGene,/scratch/data/ucsc/mammal/mouse/mm9_refGene_11-2014
mammal,mouse,mm9,xenoRefGene,/scratch/data/ucsc/mammal/mouse/mm9_xenoRefGene_11-2014
mammal,mouse,mm9,vegaGene,/scratch/data/ucsc/mammal/mouse/mm9_vegaGene_11-2014
mammal,mouse,mm9,sgpGene,/scratch/data/ucsc/mammal/mouse/mm9_sgpGene_11-2014
mammal,mouse,mm9,chromInfo,/scratch/data/ucsc/mammal/mouse/mm9_chromInfo_11-2014
mammal,mouse,mm9,all_est,/scratch/data/ucsc/mammal/mouse/mm9_all_est_11-2014
mammal,mouse,mm9,estOrientInfo,/scratch/data/ucsc/mammal/mouse/mm9_estOrientInfo_11-2014
mammal,mouse,mm9,all_mrna,/scratch/data/ucsc/mammal/mouse/mm9_all_mrna_11-2014
mammal,mouse,mm9,NIAGene,/scratch/data/ucsc/mammal/mouse/mm9_NIAGene_11-2014
mammal,rat,rn5,mgcGenes,/scratch/data/ucsc/mammal/rat/rn5_mgcGenes_11-2014
mammal,rat,rn5,refGene,/scratch/data/ucsc/mammal/rat/rn5_refGene_11-2014
mammal,rat,rn5,xenoRefGene,/scratch/data/ucsc/mammal/rat/rn5_xenoRefGene_11-2014
mammal,rat,rn5,chromInfo,/scratch/data/ucsc/mammal/rat/rn5_chromInfo_11-2014
mammal,rat,rn5,all_est,/scratch/data/ucsc/mammal/rat/rn5_all_est_11-2014
mammal,rat,rn5,estOrientInfo,/scratch/data/ucsc/mammal/rat/rn5_estOrientInfo_11-2014
mammal,rat,rn5,all_mrna,/scratch/data/ucsc/mammal/rat/rn5_all_mrna_11-2014
mammal,rat,rn4,ensGene,/scratch/data/ucsc/mammal/rat/rn4_ensGene_11-2014
mammal,rat,rn4,mgcGenes,/scratch/data/ucsc/mammal/rat/rn4_mgcGenes_11-2014
mammal,rat,rn4,nscanGene,/scratch/data/ucsc/mammal/rat/rn4_nscanGene_11-2014
mammal,rat,rn4,refGene,/scratch/data/ucsc/mammal/rat/rn4_refGene_11-2014
mammal,rat,rn4,xenoRefGene,/scratch/data/ucsc/mammal/rat/rn4_xenoRefGene_11-2014
mammal,rat,rn4,sgpGene,/scratch/data/ucsc/mammal/rat/rn4_sgpGene_11-2014
mammal,rat,rn4,contrastGene,/scratch/data/ucsc/mammal/rat/rn4_contrastGene_11-2014
mammal,rat,rn4,chromInfo,/scratch/data/ucsc/mammal/rat/rn4_chromInfo_11-2014
mammal,rat,rn4,all_est,/scratch/data/ucsc/mammal/rat/rn4_all_est_11-2014
mammal,rat,rn4,estOrientInfo,/scratch/data/ucsc/mammal/rat/rn4_estOrientInfo_11-2014
mammal,rat,rn4,all_mrna,/scratch/data/ucsc/mammal/rat/rn4_all_mrna_11-2014
vertebrate,zebrafish,danRer7,ensGene,/scratch/data/ucsc/vertebrate/zebrafish/danRer7_ensGene_11-2014
vertebrate,zebrafish,danRer7,mgcGenes,/scratch/data/ucsc/vertebrate/zebrafish/danRer7_mgcGenes_11-2014
vertebrate,zebrafish,danRer7,refGene,/scratch/data/ucsc/vertebrate/zebrafish/danRer7_refGene_11-2014
vertebrate,zebrafish,danRer7,xenoRefGene,/scratch/data/ucsc/vertebrate/zebrafish/danRer7_xenoRefGene_11-2014
vertebrate,zebrafish,danRer7,chromInfo,/scratch/data/ucsc/vertebrate/zebrafish/danRer7_chromInfo_11-2014
vertebrate,zebrafish,danRer7,all_est,/scratch/data/ucsc/vertebrate/zebrafish/danRer7_all_est_11-2014
vertebrate,zebrafish,danRer7,estOrientInfo,/scratch/data/ucsc/vertebrate/zebrafish/danRer7_estOrientInfo_11-2014
vertebrate,zebrafish,danRer7,all_mrna,/scratch/data/ucsc/vertebrate/zebrafish/danRer7_all_mrna_11-2014
vertebrate,zebrafish,danRer6,ensGene,/scratch/data/ucsc/vertebrate/zebrafish/danRer6_ensGene_11-2014
vertebrate,zebrafish,danRer6,mgcGenes,/scratch/data/ucsc/vertebrate/zebrafish/danRer6_mgcGenes_11-2014
vertebrate,zebrafish,danRer6,refGene,/scratch/data/ucsc/vertebrate/zebrafish/danRer6_refGene_11-2014
vertebrate,zebrafish,danRer6,xenoRefGene,/scratch/data/ucsc/vertebrate/zebrafish/danRer6_xenoRefGene_11-2014
vertebrate,zebrafish,danRer6,chromInfo,/scratch/data/ucsc/vertebrate/zebrafish/danRer6_chromInfo_11-2014
vertebrate,zebrafish,danRer6,all_est,/scratch/data/ucsc/vertebrate/zebrafish/danRer6_all_est_11-2014
vertebrate,zebrafish,danRer6,estOrientInfo,/scratch/data/ucsc/vertebrate/zebrafish/danRer6_estOrientInfo_11-2014
vertebrate,zebrafish,danRer6,all_mrna,/scratch/data/ucsc/vertebrate/zebrafish/danRer6_all_mrna_11-2014
insect,d.melanogaster,dm3,ensGene,/scratch/data/ucsc/insect/d.melanogaster/dm3_ensGene_11-2014
insect,d.melanogaster,dm3,refGene,/scratch/data/ucsc/insect/d.melanogaster/dm3_refGene_11-2014
insect,d.melanogaster,dm3,xenoRefGene,/scratch/data/ucsc/insect/d.melanogaster/dm3_xenoRefGene_11-2014
insect,d.melanogaster,dm3,contrastGene,/scratch/data/ucsc/insect/d.melanogaster/dm3_contrastGene_11-2014
insect,d.melanogaster,dm3,chromInfo,/scratch/data/ucsc/insect/d.melanogaster/dm3_chromInfo_11-2014
insect,d.melanogaster,dm3,all_est,/scratch/data/ucsc/insect/d.melanogaster/dm3_all_est_11-2014
insect,d.melanogaster,dm3,estOrientInfo,/scratch/data/ucsc/insect/d.melanogaster/dm3_estOrientInfo_11-2014
insect,d.melanogaster,dm3,all_mrna,/scratch/data/ucsc/insect/d.melanogaster/dm3_all_mrna_11-2014
insect,d.melanogaster,dm2,nscanGene,/scratch/data/ucsc/insect/d.melanogaster/dm2_nscanGene_11-2014
insect,d.melanogaster,dm2,refGene,/scratch/data/ucsc/insect/d.melanogaster/dm2_refGene_11-2014
insect,d.melanogaster,dm2,xenoRefGene,/scratch/data/ucsc/insect/d.melanogaster/dm2_xenoRefGene_11-2014
insect,d.melanogaster,dm2,chromInfo,/scratch/data/ucsc/insect/d.melanogaster/dm2_chromInfo_11-2014
insect,d.melanogaster,dm2,all_est,/scratch/data/ucsc/insect/d.melanogaster/dm2_all_est_11-2014
insect,d.melanogaster,dm2,estOrientInfo,/scratch/data/ucsc/insect/d.melanogaster/dm2_estOrientInfo_11-2014
insect,d.melanogaster,dm2,all_mrna,/scratch/data/ucsc/insect/d.melanogaster/dm2_all_mrna_11-2014
worm,c.elegans,ce10,ensGene,/scratch/data/ucsc/worm/c.elegans/ce10_ensGene_11-2014
worm,c.elegans,ce10,refGene,/scratch/data/ucsc/worm/c.elegans/ce10_refGene_11-2014
worm,c.elegans,ce10,xenoRefGene,/scratch/data/ucsc/worm/c.elegans/ce10_xenoRefGene_11-2014
worm,c.elegans,ce10,chromInfo,/scratch/data/ucsc/worm/c.elegans/ce10_chromInfo_11-2014
worm,c.elegans,ce10,all_est,/scratch/data/ucsc/worm/c.elegans/ce10_all_est_11-2014
worm,c.elegans,ce10,estOrientInfo,/scratch/data/ucsc/worm/c.elegans/ce10_estOrientInfo_11-2014
worm,c.elegans,ce10,all_mrna,/scratch/data/ucsc/worm/c.elegans/ce10_all_mrna_11-2014
worm,c.elegans,ce6,ensGene,/scratch/data/ucsc/worm/c.elegans/ce6_ensGene_11-2014
worm,c.elegans,ce6,refGene,/scratch/data/ucsc/worm/c.elegans/ce6_refGene_11-2014
worm,c.elegans,ce6,xenoRefGene,/scratch/data/ucsc/worm/c.elegans/ce6_xenoRefGene_11-2014
worm,c.elegans,ce6,sangerGene,/scratch/data/ucsc/worm/c.elegans/ce6_sangerGene_11-2014
worm,c.elegans,ce6,chromInfo,/scratch/data/ucsc/worm/c.elegans/ce6_chromInfo_11-2014
worm,c.elegans,ce6,all_est,/scratch/data/ucsc/worm/c.elegans/ce6_all_est_11-2014
worm,c.elegans,ce6,estOrientInfo,/scratch/data/ucsc/worm/c.elegans/ce6_estOrientInfo_11-2014
worm,c.elegans,ce6,all_mrna,/scratch/data/ucsc/worm/c.elegans/ce6_all_mrna_11-2014
other,s.cerevisiae,sacCer3,ensGene,/scratch/data/ucsc/other/s.cerevisiae/sacCer3_ensGene_11-2014
other,s.cerevisiae,sacCer3,xenoRefGene,/scratch/data/ucsc/other/s.cerevisiae/sacCer3_xenoRefGene_11-2014
other,s.cerevisiae,sacCer3,chromInfo,/scratch/data/ucsc/other/s.cerevisiae/sacCer3_chromInfo_11-2014
other,s.cerevisiae,sacCer3,all_est,/scratch/data/ucsc/other/s.cerevisiae/sacCer3_all_est_11-2014
other,s.cerevisiae,sacCer3,estOrientInfo,/scratch/data/ucsc/other/s.cerevisiae/sacCer3_estOrientInfo_11-2014
other,s.cerevisiae,sacCer3,all_mrna,/scratch/data/ucsc/other/s.cerevisiae/sacCer3_all_mrna_11-2014
other,s.cerevisiae,sacCer2,ensGene,/scratch/data/ucsc/other/s.cerevisiae/sacCer2_ensGene_11-2014
other,s.cerevisiae,sacCer2,xenoRefGene,/scratch/data/ucsc/other/s.cerevisiae/sacCer2_xenoRefGene_11-2014
other,s.cerevisiae,sacCer2,chromInfo,/scratch/data/ucsc/other/s.cerevisiae/sacCer2_chromInfo_11-2014
other,s.cerevisiae,sacCer2,all_est,/scratch/data/ucsc/other/s.cerevisiae/sacCer2_all_est_11-2014
other,s.cerevisiae,sacCer2,estOrientInfo,/scratch/data/ucsc/other/s.cerevisiae/sacCer2_estOrientInfo_11-2014
other,s.cerevisiae,sacCer2,all_mrna,/scratch/data/ucsc/other/s.cerevisiae/sacCer2_all_mrna_11-2014
mammal,human,hg38,ccdsGene,/scratch/data/ucsc/mammal/human/hg38_ccdsGene_11-2014
mammal,human,hg38,knownGene,/scratch/data/ucsc/mammal/human/hg38_knownGene_11-2014
mammal,human,hg38,mgcGenes,/scratch/data/ucsc/mammal/human/hg38_mgcGenes_11-2014
mammal,human,hg38,orfeomeGenes,/scratch/data/ucsc/mammal/human/hg38_orfeomeGenes_11-2014
mammal,human,hg38,refGene,/scratch/data/ucsc/mammal/human/hg38_refGene_11-2014
mammal,human,hg38,xenoRefGene,/scratch/data/ucsc/mammal/human/hg38_xenoRefGene_11-2014
mammal,human,hg38,chromInfo,/scratch/data/ucsc/mammal/human/hg38_chromInfo_11-2014
mammal,human,hg38,all_est,/scratch/data/ucsc/mammal/human/hg38_all_est_11-2014
mammal,human,hg38,estOrientInfo,/scratch/data/ucsc/mammal/human/hg38_estOrientInfo_11-2014
mammal,human,hg38,all_mrna,/scratch/data/ucsc/mammal/human/hg38_all_mrna_11-2014
mammal,rat,rn6,mgcGenes,/scratch/data/ucsc/mammal/rat/rn6_mgcGenes_11-2014
mammal,rat,rn6,refGene,/scratch/data/ucsc/mammal/rat/rn6_refGene_11-2014
mammal,rat,rn6,xenoRefGene,/scratch/data/ucsc/mammal/rat/rn6_xenoRefGene_11-2014
mammal,rat,rn6,chromInfo,/scratch/data/ucsc/mammal/rat/rn6_chromInfo_11-2014
mammal,rat,rn6,all_est,/scratch/data/ucsc/mammal/rat/rn6_all_est_11-2014
mammal,rat,rn6,estOrientInfo,/scratch/data/ucsc/mammal/rat/rn6_estOrientInfo_11-2014
mammal,rat,rn6,all_mrna,/scratch/data/ucsc/mammal/rat/rn6_all_mrna_11-2014
mammal,rat,rn5,ensGene,/scratch/data/ucsc/mammal/rat/rn5_ensGene_11-2014
vertebrate,chicken,galGal4,ensGene,/scratch/data/ucsc/vertebrate/chicken/galGal4_ensGene_11-2014
vertebrate,zebra finch,taeGut2,refGene,/scratch/data/ucsc/vertebrate/zebra-finch/taeGut2_refGene_11-2014
vertebrate,zebra finch,taeGut2,xenoRefGene,/scratch/data/ucsc/vertebrate/zebra-finch/taeGut2_xenoRefGene_11-2014
vertebrate,zebra finch,taeGut2,chromInfo,/scratch/data/ucsc/vertebrate/zebra-finch/taeGut2_chromInfo_11-2014
vertebrate,zebra finch,taeGut2,all_est,/scratch/data/ucsc/vertebrate/zebra-finch/taeGut2_all_est_11-2014
vertebrate,zebra finch,taeGut2,estOrientInfo,/scratch/data/ucsc/vertebrate/zebra-finch/taeGut2_estOrientInfo_11-2014
vertebrate,zebra finch,taeGut2,all_mrna,/scratch/data/ucsc/vertebrate/zebra-finch/taeGut2_all_mrna_11-2014
